INFO 2019-12-03 19:06:39,266 root : Сервер доступний. Час на сервері: 2019-12-03T19:06:39.220
INFO 2019-12-03 19:06:39,267 root : Запитувана сторінка: : /health/
INFO 2019-12-03 19:06:39,267 root : Відповідь сервера містить наступні поля:
INFO 2019-12-03 19:06:39,267 root : Ключ: date, Значення: 2019-12-03T19:06:39.220
INFO 2019-12-03 19:06:39,267 root : Ключ: current_page, Значення: /health/
INFO 2019-12-03 19:06:39,267 root : Ключ: server_info, Значення: {'system': 'Linux', 'node': '39d3d5a9fd81', 'release': '5.0.0-32-generic', 'version': '#34~18.04.2-Ubuntu SMP Thu Oct 10 10:36:02 UTC 2019', 'machine': 'x86_64', 'processor': ''}
INFO 2019-12-03 19:06:39,267 root : Ключ: client_info, Значення: python-requests/2.22.0
INFO 2019-12-03 19:07:39,599 root : Сервер доступний. Час на сервері: 2019-12-03T19:07:39.550
INFO 2019-12-03 19:07:39,599 root : Запитувана сторінка: : /health/
INFO 2019-12-03 19:07:39,599 root : Відповідь сервера містить наступні поля:
INFO 2019-12-03 19:07:39,599 root : Ключ: date, Значення: 2019-12-03T19:07:39.550
INFO 2019-12-03 19:07:39,599 root : Ключ: current_page, Значення: /health/
INFO 2019-12-03 19:07:39,599 root : Ключ: server_info, Значення: {'system': 'Linux', 'node': '39d3d5a9fd81', 'release': '5.0.0-32-generic', 'version': '#34~18.04.2-Ubuntu SMP Thu Oct 10 10:36:02 UTC 2019', 'machine': 'x86_64', 'processor': ''}
INFO 2019-12-03 19:07:39,600 root : Ключ: client_info, Значення: python-requests/2.22.0
INFO 2019-12-03 19:08:39,728 root : Сервер доступний. Час на сервері: 2019-12-03T19:08:39.679
INFO 2019-12-03 19:08:39,728 root : Запитувана сторінка: : /health/
INFO 2019-12-03 19:08:39,728 root : Відповідь сервера містить наступні поля:
INFO 2019-12-03 19:08:39,729 root : Ключ: date, Значення: 2019-12-03T19:08:39.679
INFO 2019-12-03 19:08:39,729 root : Ключ: current_page, Значення: /health/
INFO 2019-12-03 19:08:39,729 root : Ключ: server_info, Значення: {'system': 'Linux', 'node': '39d3d5a9fd81', 'release': '5.0.0-32-generic', 'version': '#34~18.04.2-Ubuntu SMP Thu Oct 10 10:36:02 UTC 2019', 'machine': 'x86_64', 'processor': ''}
INFO 2019-12-03 19:08:39,729 root : Ключ: client_info, Значення: python-requests/2.22.0
